TN:
SF:index.js
FN:4,getFlag
FN:24,getRepeatableFlag
FN:26,(anonymous_2)
FN:29,buildTofuInitCommand
FN:62,run
FNF:5
FNH:4
FNDA:119,getFlag
FNDA:107,getRepeatableFlag
FNDA:61,(anonymous_2)
FNDA:34,buildTofuInitCommand
FNDA:0,run
DA:1,2
DA:2,2
DA:5,119
DA:6,4
DA:7,2
DA:9,2
DA:10,1
DA:12,1
DA:13,1
DA:15,0
DA:16,0
DA:18,115
DA:19,20
DA:21,95
DA:25,107
DA:26,61
DA:30,34
DA:33,34
DA:34,5
DA:38,34
DA:39,34
DA:40,34
DA:41,34
DA:42,34
DA:43,34
DA:44,34
DA:45,34
DA:46,34
DA:47,34
DA:48,34
DA:49,34
DA:50,34
DA:51,34
DA:52,34
DA:53,34
DA:54,34
DA:57,34
DA:59,34
DA:63,0
DA:64,0
DA:66,0
DA:87,0
DA:88,0
DA:89,0
DA:90,0
DA:91,0
DA:93,0
DA:98,2
DA:106,2
DA:107,0
LF:50
LH:38
BRDA:4,0,0,0
BRDA:5,1,0,4
BRDA:5,1,1,115
BRDA:6,2,0,2
BRDA:6,2,1,2
BRDA:6,3,0,4
BRDA:6,3,1,3
BRDA:9,4,0,1
BRDA:9,4,1,1
BRDA:12,5,0,1
BRDA:12,5,1,0
BRDA:18,6,0,20
BRDA:18,6,1,95
BRDA:18,7,0,115
BRDA:18,7,1,115
BRDA:25,8,0,73
BRDA:25,8,1,34
BRDA:33,9,0,5
BRDA:33,9,1,29
BRDA:38,10,0,4
BRDA:38,10,1,30
BRDA:38,11,0,34
BRDA:38,11,1,5
BRDA:39,12,0,2
BRDA:39,12,1,32
BRDA:39,13,0,34
BRDA:39,13,1,3
BRDA:40,14,0,2
BRDA:40,14,1,32
BRDA:40,15,0,34
BRDA:40,15,1,3
BRDA:41,16,0,7
BRDA:41,16,1,27
BRDA:42,17,0,8
BRDA:42,17,1,26
BRDA:43,18,0,5
BRDA:43,18,1,29
BRDA:47,19,0,1
BRDA:47,19,1,33
BRDA:47,20,0,34
BRDA:47,20,1,2
BRDA:49,21,0,4
BRDA:49,21,1,30
BRDA:50,22,0,4
BRDA:50,22,1,30
BRDA:51,23,0,5
BRDA:51,23,1,29
BRDA:52,24,0,1
BRDA:52,24,1,33
BRDA:52,25,0,34
BRDA:52,25,1,2
BRDA:64,26,0,0
BRDA:64,26,1,0
BRDA:106,27,0,0
BRDA:106,27,1,2
BRF:55
BRH:50
end_of_record
